<?xml version="1.0" encoding="UTF-8"?>
<!-- Generated by org.testng.reporters.JUnitReportReporter -->
<testsuite hostname="DESKTOP-RB6EGR3" failures="0" tests="1" name="com.macswid.OrderCompleteTest" time="10.869" errors="0" timestamp="2023-04-15T16:34:46 CEST" skipped="0">
  <testcase classname="com.macswid.OrderCompleteTest" name="endToEndTest" time="10.869"/>
  <system-out/>
</testsuite> <!-- com.macswid.OrderCompleteTest -->
