<?xml version="1.0" encoding="UTF-8"?>
<!-- Generated by org.testng.reporters.JUnitReportReporter -->
<testsuite hostname="MacSwi" failures="0" tests="1" name="com.macswid.AddRemoveItemBasketTest" time="16.534" errors="0" timestamp="2025-01-09T14:33:34 CET" skipped="0">
  <testcase classname="com.macswid.AddRemoveItemBasketTest" name="addRemoveItem" time="16.534"/>
  <system-out/>
</testsuite> <!-- com.macswid.AddRemoveItemBasketTest -->
