<?xml version="1.0" encoding="UTF-8"?>
<!-- Generated by org.testng.reporters.JUnitReportReporter -->
<testsuite hostname="DESKTOP-RB6EGR3" failures="0" tests="1" name="com.macswid.OrderCompleteTest" time="16.660" errors="0" timestamp="2023-11-10T15:22:44 CET" skipped="0">
  <testcase classname="com.macswid.OrderCompleteTest" name="endToEndTest" time="16.660"/>
  <system-out/>
</testsuite> <!-- com.macswid.OrderCompleteTest -->
