<?xml version="1.0" encoding="UTF-8"?>
<!-- Generated by org.testng.reporters.JUnitReportReporter -->
<testsuite hostname="MacSwi" failures="0" tests="1" name="com.macswid.AddRemoveItemBasketTest" time="16.119" errors="0" timestamp="2025-04-04T23:09:20 CEST" skipped="0">
  <testcase classname="com.macswid.AddRemoveItemBasketTest" name="addRemoveItem" time="16.119"/>
  <system-out/>
</testsuite> <!-- com.macswid.AddRemoveItemBasketTest -->
