<?xml version="1.0" encoding="UTF-8"?>
<!-- Generated by org.testng.reporters.JUnitReportReporter -->
<testsuite hostname="DESKTOP-RB6EGR3" failures="0" tests="1" name="com.macswid.AddRemoveItemBasketTest" time="10.591" errors="0" timestamp="2023-08-22T23:44:33 CEST" skipped="0">
  <testcase classname="com.macswid.AddRemoveItemBasketTest" name="addRemoveItem" time="10.591"/>
  <system-out/>
</testsuite> <!-- com.macswid.AddRemoveItemBasketTest -->
