<?xml version="1.0" encoding="UTF-8"?>
<!-- Generated by org.testng.reporters.JUnitReportReporter -->
<testsuite hostname="DESKTOP-RB6EGR3" failures="0" tests="1" name="com.macswid.OrderCompleteTest" time="15.969" errors="0" timestamp="2024-05-19T18:32:06 CEST" skipped="0">
  <testcase classname="com.macswid.OrderCompleteTest" name="endToEndTest" time="15.969"/>
  <system-out/>
</testsuite> <!-- com.macswid.OrderCompleteTest -->
