<?xml version="1.0" encoding="UTF-8"?>
<!-- Generated by org.testng.reporters.JUnitReportReporter -->
<testsuite hostname="MacSwi" failures="0" tests="1" name="com.macswid.OrderCompleteTest" time="22.129" errors="0" timestamp="2025-04-04T23:09:20 CEST" skipped="0">
  <testcase classname="com.macswid.OrderCompleteTest" name="endToEndTest" time="22.129"/>
  <system-out/>
</testsuite> <!-- com.macswid.OrderCompleteTest -->
