<?xml version="1.0" encoding="UTF-8"?>
<!-- Generated by org.testng.reporters.JUnitReportReporter -->
<testsuite hostname="DESKTOP-RB6EGR3" failures="0" tests="1" name="com.macswid.AddRemoveItemBasketTest" time="14.261" errors="0" timestamp="2024-05-19T18:32:06 CEST" skipped="0">
  <testcase classname="com.macswid.AddRemoveItemBasketTest" name="addRemoveItem" time="14.261"/>
  <system-out/>
</testsuite> <!-- com.macswid.AddRemoveItemBasketTest -->
