<?xml version="1.0" encoding="UTF-8"?>
<!-- Generated by org.testng.reporters.JUnitReportReporter -->
<testsuite hostname="DESKTOP-RB6EGR3" failures="0" tests="1" name="com.macswid.AddRemoveItemBasketTest" time="11.921" errors="0" timestamp="2023-04-20T20:55:44 CEST" skipped="0">
  <testcase classname="com.macswid.AddRemoveItemBasketTest" name="addRemoveItem" time="11.921"/>
  <system-out/>
</testsuite> <!-- com.macswid.AddRemoveItemBasketTest -->
